<?xml version="1.0" encoding="UTF-8" ?>
<testsuite tests="5" failures="0" name="controller.DictionaryControllerTest" time="0.016" errors="0" skipped="0">
  <properties>
[...]
</properties>
  <testcase classname="controller.DictionaryControllerTest" name="productQueryTest" time="0.002"/>
  <testcase classname="controller.DictionaryControllerTest" name="traslateWordsToValueTest" time="0.003"/>
  <testcase classname="controller.DictionaryControllerTest" name="getValueOfProductTest" time="0.001"/>
  <testcase classname="controller.DictionaryControllerTest" name="conversionQueryTest" time="0"/>
  <testcase classname="controller.DictionaryControllerTest" name="assignValueToWordTest" time="0.01"/>
</testsuite>